0 info it worked if it ends with ok
1 verbose cli [ '/home/carlosandre/.nvm/v0.12.4/bin/node',
1 verbose cli   '/home/carlosandre/.nvm/v0.12.4/bin/npm',
1 verbose cli   'run',
1 verbose cli   'webpack' ]
2 info using npm@2.10.1
3 info using node@v0.12.4
4 verbose run-script [ 'prewebpack', 'webpack', 'postwebpack' ]
5 info prewebpack fullstory@1.0.0
6 info webpack fullstory@1.0.0
7 verbose unsafe-perm in lifecycle true
8 info fullstory@1.0.0 Failed to exec webpack script
9 verbose stack Error: fullstory@1.0.0 webpack: `webpack --progress --watch --colors`
9 verbose stack Exit status 1
9 verbose stack     at EventEmitter.<anonymous> (/home/carlosandre/.nvm/v0.12.4/lib/node_modules/npm/lib/utils/lifecycle.js:213:16)
9 verbose stack     at EventEmitter.emit (events.js:110:17)
9 verbose stack     at ChildProcess.<anonymous> (/home/carlosandre/.nvm/v0.12.4/lib/node_modules/npm/lib/utils/spawn.js:24:14)
9 verbose stack     at ChildProcess.emit (events.js:110:17)
9 verbose stack     at maybeClose (child_process.js:1015:16)
9 verbose stack     at Process.ChildProcess._handle.onexit (child_process.js:1087:5)
10 verbose pkgid fullstory@1.0.0
11 verbose cwd /home/carlosandre/Projects/fullstory
12 error Linux 3.13.0-65-generic
13 error argv "/home/carlosandre/.nvm/v0.12.4/bin/node" "/home/carlosandre/.nvm/v0.12.4/bin/npm" "run" "webpack"
14 error node v0.12.4
15 error npm  v2.10.1
16 error code ELIFECYCLE
17 error fullstory@1.0.0 webpack: `webpack --progress --watch --colors`
17 error Exit status 1
18 error Failed at the fullstory@1.0.0 webpack script 'webpack --progress --watch --colors'.
18 error This is most likely a problem with the fullstory package,
18 error not with npm itself.
18 error Tell the author that this fails on your system:
18 error     webpack --progress --watch --colors
18 error You can get their info via:
18 error     npm owner ls fullstory
18 error There is likely additional logging output above.
19 verbose exit [ 1, true ]
